{
  "stats": {
    "suites": 1,
    "tests": 5,
    "passes": 5,
    "pending": 0,
    "failures": 0,
    "start": "2024-03-13T23:08:41.068Z",
    "end": "2024-03-13T23:09:17.226Z",
    "duration": 36158,
    "testsRegistered": 5,
    "passPercent": 100,
    "pendingPercent": 0,
    "other": 0,
    "hasOther": false,
    "skipped": 0,
    "hasSkipped": false
  },
  "results": [
    {
      "uuid": "26165d35-a4dc-4338-9ea1-0de65fb79bca",
      "title": "",
      "fullFile": "cypress/e2e/specs/sales.spec.ts",
      "file": "cypress/e2e/specs/sales.spec.ts",
      "beforeHooks": [],
      "afterHooks": [],
      "tests": [],
      "suites": [
        {
          "uuid": "bff9c2f0-864c-4843-b6fb-2ec7fce8559f",
          "title": "Check the functionality of the sales tab",
          "fullFile": "",
          "file": "",
          "beforeHooks": [],
          "afterHooks": [],
          "tests": [
            {
              "title": "Check data changes when filters are changed in the Number of Sales chart",
              "fullTitle": "Check the functionality of the sales tab Check data changes when filters are changed in the Number of Sales chart",
              "timedOut": null,
              "duration": 11821,
              "state": "passed",
              "speed": "slow",
              "pass": true,
              "fail": false,
              "pending": false,
              "context": null,
              "code": "if (chart === 'Total Premium')\n    _pages_sales_page__WEBPACK_IMPORTED_MODULE_1__.salesPage.clickTotalPremiumTabBtn();\nlet initialChartDataUuid = _pages_sales_page__WEBPACK_IMPORTED_MODULE_1__.salesPage.getActiveChartDataUuid();\nfor (const brand of filters.brands) {\n    _pages_sales_page__WEBPACK_IMPORTED_MODULE_1__.salesPage.selectBrand(brand);\n    for (const year of filters.years) {\n        _pages_sales_page__WEBPACK_IMPORTED_MODULE_1__.salesPage.selectYear(year);\n        let updatedChartDataUuid = _pages_sales_page__WEBPACK_IMPORTED_MODULE_1__.salesPage.getActiveChartDataUuid();\n        expect(updatedChartDataUuid).not.to.equal(initialChartDataUuid);\n        initialChartDataUuid = updatedChartDataUuid;\n    }\n}",
              "err": {},
              "uuid": "57feabdb-1fe8-458d-a77a-163c68c66554",
              "parentUUID": "bff9c2f0-864c-4843-b6fb-2ec7fce8559f",
              "isHook": false,
              "skipped": false
            },
            {
              "title": "Check the responses from the backend after filter selection in the Number of Sales chart",
              "fullTitle": "Check the functionality of the sales tab Check the responses from the backend after filter selection in the Number of Sales chart",
              "timedOut": null,
              "duration": 4673,
              "state": "passed",
              "speed": "fast",
              "pass": true,
              "fail": false,
              "pending": false,
              "context": null,
              "code": "let url = 'admin/insurance/monthly-sales-counts';\nlet objectProperty = 'monthlySalesCounts';\nif (chart === 'Total Premium') {\n    url = 'admin/insurance/monthly-total-premiums';\n    objectProperty = 'monthlyTotalPremiums';\n}\ncy.intercept('POST', url).as('monthlyCounts');\nif (chart === 'Total Premium')\n    _pages_sales_page__WEBPACK_IMPORTED_MODULE_1__.salesPage.clickTotalPremiumTabBtn();\nfor (const brand of filters.brands) {\n    _pages_sales_page__WEBPACK_IMPORTED_MODULE_1__.salesPage.selectBrand(brand);\n    for (const year of filters.years) {\n        _pages_sales_page__WEBPACK_IMPORTED_MODULE_1__.salesPage.selectYear(year);\n        cy.wait('@monthlyCounts').then((interception) => {\n            const response = interception.response;\n            expect(response?.statusCode).to.eq(200);\n            expect(response?.body).to.have.property(objectProperty).that.is.an('object');\n            expect(response?.body[objectProperty]).to.have.keys('1', '2', '3', '4', '5', '6', '7', '8', '9', '10', '11', '12');\n        });\n    }\n}",
              "err": {},
              "uuid": "6a8b06ef-59b4-4e34-b7aa-82781b620a36",
              "parentUUID": "bff9c2f0-864c-4843-b6fb-2ec7fce8559f",
              "isHook": false,
              "skipped": false
            },
            {
              "title": "Check data changes when filters are changed in the Total Premium chart",
              "fullTitle": "Check the functionality of the sales tab Check data changes when filters are changed in the Total Premium chart",
              "timedOut": null,
              "duration": 10363,
              "state": "passed",
              "speed": "slow",
              "pass": true,
              "fail": false,
              "pending": false,
              "context": null,
              "code": "if (chart === 'Total Premium')\n    _pages_sales_page__WEBPACK_IMPORTED_MODULE_1__.salesPage.clickTotalPremiumTabBtn();\nlet initialChartDataUuid = _pages_sales_page__WEBPACK_IMPORTED_MODULE_1__.salesPage.getActiveChartDataUuid();\nfor (const brand of filters.brands) {\n    _pages_sales_page__WEBPACK_IMPORTED_MODULE_1__.salesPage.selectBrand(brand);\n    for (const year of filters.years) {\n        _pages_sales_page__WEBPACK_IMPORTED_MODULE_1__.salesPage.selectYear(year);\n        let updatedChartDataUuid = _pages_sales_page__WEBPACK_IMPORTED_MODULE_1__.salesPage.getActiveChartDataUuid();\n        expect(updatedChartDataUuid).not.to.equal(initialChartDataUuid);\n        initialChartDataUuid = updatedChartDataUuid;\n    }\n}",
              "err": {},
              "uuid": "69b2241d-fd0d-415f-b7c2-db6277fdff57",
              "parentUUID": "bff9c2f0-864c-4843-b6fb-2ec7fce8559f",
              "isHook": false,
              "skipped": false
            },
            {
              "title": "Check the responses from the backend after filter selection in the Total Premium chart",
              "fullTitle": "Check the functionality of the sales tab Check the responses from the backend after filter selection in the Total Premium chart",
              "timedOut": null,
              "duration": 4621,
              "state": "passed",
              "speed": "fast",
              "pass": true,
              "fail": false,
              "pending": false,
              "context": null,
              "code": "let url = 'admin/insurance/monthly-sales-counts';\nlet objectProperty = 'monthlySalesCounts';\nif (chart === 'Total Premium') {\n    url = 'admin/insurance/monthly-total-premiums';\n    objectProperty = 'monthlyTotalPremiums';\n}\ncy.intercept('POST', url).as('monthlyCounts');\nif (chart === 'Total Premium')\n    _pages_sales_page__WEBPACK_IMPORTED_MODULE_1__.salesPage.clickTotalPremiumTabBtn();\nfor (const brand of filters.brands) {\n    _pages_sales_page__WEBPACK_IMPORTED_MODULE_1__.salesPage.selectBrand(brand);\n    for (const year of filters.years) {\n        _pages_sales_page__WEBPACK_IMPORTED_MODULE_1__.salesPage.selectYear(year);\n        cy.wait('@monthlyCounts').then((interception) => {\n            const response = interception.response;\n            expect(response?.statusCode).to.eq(200);\n            expect(response?.body).to.have.property(objectProperty).that.is.an('object');\n            expect(response?.body[objectProperty]).to.have.keys('1', '2', '3', '4', '5', '6', '7', '8', '9', '10', '11', '12');\n        });\n    }\n}",
              "err": {},
              "uuid": "113dff6f-dca9-4522-8467-d0321615083d",
              "parentUUID": "bff9c2f0-864c-4843-b6fb-2ec7fce8559f",
              "isHook": false,
              "skipped": false
            },
            {
              "title": "check if filters with query params are applied after page reload",
              "fullTitle": "Check the functionality of the sales tab check if filters with query params are applied after page reload",
              "timedOut": null,
              "duration": 4386,
              "state": "passed",
              "speed": "fast",
              "pass": true,
              "fail": false,
              "pending": false,
              "context": null,
              "code": "cy.wait(1000);\nconst brandQueryParamBeforeReload = _pages_sales_page__WEBPACK_IMPORTED_MODULE_1__.salesPage.getQueryParam('brand');\nconst yearQueryParamBeforeReload = _pages_sales_page__WEBPACK_IMPORTED_MODULE_1__.salesPage.getQueryParam('year');\nconst brandSelectedOptionBeforeReload = _pages_sales_page__WEBPACK_IMPORTED_MODULE_1__.salesPage.getBrandSelectedOption();\nconst yearSelectedOptionBeforeReload = _pages_sales_page__WEBPACK_IMPORTED_MODULE_1__.salesPage.getYearSelectedOption();\n_pages_sales_page__WEBPACK_IMPORTED_MODULE_1__.salesPage.reloadSalesPage();\n_pages_sales_page__WEBPACK_IMPORTED_MODULE_1__.salesPage.getQueryParam('brand').then((brandParam) => {\n    brandQueryParamBeforeReload.should('eq', brandParam);\n});\n_pages_sales_page__WEBPACK_IMPORTED_MODULE_1__.salesPage.getQueryParam('year').then((yearParam) => {\n    yearQueryParamBeforeReload.should('eq', yearParam);\n});\n_pages_sales_page__WEBPACK_IMPORTED_MODULE_1__.salesPage.getBrandSelectedOption().then((brandParam) => {\n    brandSelectedOptionBeforeReload.should('eq', brandParam);\n});\n_pages_sales_page__WEBPACK_IMPORTED_MODULE_1__.salesPage.getYearSelectedOption().then((yearParam) => {\n    yearSelectedOptionBeforeReload.should('eq', yearParam);\n});",
              "err": {},
              "uuid": "e270fb88-dff3-420b-8bf4-05093b809814",
              "parentUUID": "bff9c2f0-864c-4843-b6fb-2ec7fce8559f",
              "isHook": false,
              "skipped": false
            }
          ],
          "suites": [],
          "passes": [
            "57feabdb-1fe8-458d-a77a-163c68c66554",
            "6a8b06ef-59b4-4e34-b7aa-82781b620a36",
            "69b2241d-fd0d-415f-b7c2-db6277fdff57",
            "113dff6f-dca9-4522-8467-d0321615083d",
            "e270fb88-dff3-420b-8bf4-05093b809814"
          ],
          "failures": [],
          "pending": [],
          "skipped": [],
          "duration": 35864,
          "root": false,
          "rootEmpty": false,
          "_timeout": 2000
        }
      ],
      "passes": [],
      "failures": [],
      "pending": [],
      "skipped": [],
      "duration": 0,
      "root": true,
      "rootEmpty": true,
      "_timeout": 2000
    }
  ],
  "meta": {
    "mocha": {
      "version": "7.0.1"
    },
    "mochawesome": {
      "options": {
        "quiet": false,
        "reportFilename": "mochawesome",
        "saveHtml": false,
        "saveJson": true,
        "consoleReporter": "spec",
        "useInlineDiffs": false,
        "code": true
      },
      "version": "7.1.3"
    },
    "marge": {
      "options": {
        "reportDir": "cypress/reports/.jsons",
        "charts": true,
        "reportPageTitle": "Grace report",
        "embeddedScreenshots": true,
        "inlineAssets": true,
        "overwrite": false,
        "html": false,
        "json": true
      },
      "version": "6.2.0"
    }
  }
}